[0m21:28:31.286876 [debug] [MainThread]: Sending event: {'category': 'dbt', 'action': 'invocation', 'label': 'start', 'context': [<snowplow_tracker.self_describing_json.SelfDescribingJson object at 0x000002C7FAE0F620>, <snowplow_tracker.self_describing_json.SelfDescribingJson object at 0x000002C7FC263D90>, <snowplow_tracker.self_describing_json.SelfDescribingJson object at 0x000002C7FC263B10>]}


============================== 21:28:31.290315 | 8e833cd1-6412-4480-b5cc-bb95c44a3f75 ==============================
[0m21:28:31.290315 [info ] [MainThread]: Running with dbt=1.11.2
[0m21:28:31.290996 [debug] [MainThread]: running dbt with arguments {'static_parser': 'True', 'no_print': 'None', 'version_check': 'True', 'warn_error_options': 'WarnErrorOptionsV2(error=[], warn=[], silence=[])', 'target_path': 'None', 'printer_width': '80', 'write_json': 'True', 'introspect': 'True', 'log_cache_events': 'False', 'empty': 'None', 'cache_selected_only': 'False', 'log_format': 'default', 'debug': 'False', 'fail_fast': 'False', 'profiles_dir': 'C:\\Users\\dchit\\.dbt', 'send_anonymous_usage_stats': 'True', 'quiet': 'False', 'warn_error': 'None', 'partial_parse': 'True', 'use_colors': 'True', 'indirect_selection': 'eager', 'invocation_command': 'dbt init --skip-profile-setup airbnb', 'use_experimental_parser': 'False', 'log_path': 'logs'}
[0m21:28:31.357022 [info ] [MainThread]: Creating dbt configuration folder at C:\Users\dchit\.dbt
[0m21:28:31.360584 [debug] [MainThread]: Starter project path: C:\Users\dchit\OneDrive\Documents\Projects\dbt Bootcamp Course\dbt-student-repo\.venv\Lib\site-packages\dbt\include\starter_project
[0m21:28:31.393246 [info ] [MainThread]: 
Your new dbt project "airbnb" was created!

For more information on how to configure the profiles.yml file,
please consult the dbt documentation here:

  https://docs.getdbt.com/docs/configure-your-profile

One more thing:

Need help? Don't hesitate to reach out to us via GitHub issues or on Slack:

  https://community.getdbt.com/

Happy modeling!

[0m21:28:31.394702 [debug] [MainThread]: Command `dbt init` succeeded at 21:28:31.394533 after 0.24 seconds
[0m21:28:31.395105 [debug] [MainThread]: Sending event: {'category': 'dbt', 'action': 'invocation', 'label': 'end', 'context': [<snowplow_tracker.self_describing_json.SelfDescribingJson object at 0x000002C7FD3F83E0>, <snowplow_tracker.self_describing_json.SelfDescribingJson object at 0x000002C7FD460A70>, <snowplow_tracker.self_describing_json.SelfDescribingJson object at 0x000002C7FC0F6AD0>]}
[0m21:28:31.395485 [debug] [MainThread]: Flushing usage events
[0m21:28:31.669645 [debug] [MainThread]: An error was encountered while trying to flush usage events
[0m21:29:34.779486 [debug] [MainThread]: Sending event: {'category': 'dbt', 'action': 'invocation', 'label': 'start', 'context': [<snowplow_tracker.self_describing_json.SelfDescribingJson object at 0x00000260F16CF620>, <snowplow_tracker.self_describing_json.SelfDescribingJson object at 0x00000260F2B23D90>, <snowplow_tracker.self_describing_json.SelfDescribingJson object at 0x00000260F2B23B10>]}


============================== 21:29:34.784244 | 20e59d8f-9d16-4a97-94b7-0432fcde1151 ==============================
[0m21:29:34.784244 [info ] [MainThread]: Running with dbt=1.11.2
[0m21:29:34.785076 [debug] [MainThread]: running dbt with arguments {'static_parser': 'True', 'no_print': 'None', 'version_check': 'True', 'warn_error_options': 'WarnErrorOptionsV2(error=[], warn=[], silence=[])', 'target_path': 'None', 'printer_width': '80', 'write_json': 'True', 'empty': 'None', 'log_cache_events': 'False', 'introspect': 'True', 'cache_selected_only': 'False', 'fail_fast': 'False', 'debug': 'False', 'log_format': 'default', 'partial_parse': 'True', 'send_anonymous_usage_stats': 'True', 'quiet': 'False', 'warn_error': 'None', 'profiles_dir': 'C:\\Users\\dchit\\.dbt', 'invocation_command': 'dbt debug', 'indirect_selection': 'eager', 'use_colors': 'True', 'use_experimental_parser': 'False', 'log_path': 'logs'}
[0m21:29:34.808239 [info ] [MainThread]: dbt version: 1.11.2
[0m21:29:34.808898 [info ] [MainThread]: python version: 3.13.11
[0m21:29:34.809406 [info ] [MainThread]: python path: C:\Users\dchit\OneDrive\Documents\Projects\dbt Bootcamp Course\dbt-student-repo\.venv\Scripts\python.exe
[0m21:29:34.809778 [info ] [MainThread]: os info: Windows-11-10.0.26200-SP0
[0m21:29:34.810082 [info ] [MainThread]: Using profiles dir at C:\Users\dchit\.dbt
[0m21:29:34.810574 [info ] [MainThread]: Using profiles.yml file at C:\Users\dchit\.dbt\profiles.yml
[0m21:29:34.810923 [info ] [MainThread]: Using dbt_project.yml file at C:\Users\dchit\OneDrive\Documents\Projects\dbt Bootcamp Course\dbt-student-repo\dbt_project.yml
[0m21:29:34.811355 [info ] [MainThread]: Configuration:
[0m21:29:34.811738 [info ] [MainThread]:   profiles.yml file [[31mERROR not found[0m]
[0m21:29:34.812039 [info ] [MainThread]:   dbt_project.yml file [[31mERROR not found[0m]
[0m21:29:34.812384 [info ] [MainThread]: Required dependencies:
[0m21:29:34.812795 [debug] [MainThread]: Executing "git --help"
[0m21:29:34.844896 [debug] [MainThread]: STDOUT: "b"usage: git [-v | --version] [-h | --help] [-C <path>] [-c <name>=<value>]\n           [--exec-path[=<path>]] [--html-path] [--man-path] [--info-path]\n           [-p | --paginate | -P | --no-pager] [--no-replace-objects] [--no-lazy-fetch]\n           [--no-optional-locks] [--no-advice] [--bare] [--git-dir=<path>]\n           [--work-tree=<path>] [--namespace=<name>] [--config-env=<name>=<envvar>]\n           <command> [<args>]\n\nThese are common Git commands used in various situations:\n\nstart a working area (see also: git help tutorial)\n   clone      Clone a repository into a new directory\n   init       Create an empty Git repository or reinitialize an existing one\n\nwork on the current change (see also: git help everyday)\n   add        Add file contents to the index\n   mv         Move or rename a file, a directory, or a symlink\n   restore    Restore working tree files\n   rm         Remove files from the working tree and from the index\n\nexamine the history and state (see also: git help revisions)\n   bisect     Use binary search to find the commit that introduced a bug\n   diff       Show changes between commits, commit and working tree, etc\n   grep       Print lines matching a pattern\n   log        Show commit logs\n   show       Show various types of objects\n   status     Show the working tree status\n\ngrow, mark and tweak your common history\n   backfill   Download missing objects in a partial clone\n   branch     List, create, or delete branches\n   commit     Record changes to the repository\n   merge      Join two or more development histories together\n   rebase     Reapply commits on top of another base tip\n   reset      Reset current HEAD to the specified state\n   switch     Switch branches\n   tag        Create, list, delete or verify tags\n\ncollaborate (see also: git help workflows)\n   fetch      Download objects and refs from another repository\n   pull       Fetch from and integrate with another repository or a local branch\n   push       Update remote refs along with associated objects\n\n'git help -a' and 'git help -g' list available subcommands and some\nconcept guides. See 'git help <command>' or 'git help <concept>'\nto read about a specific subcommand or concept.\nSee 'git help git' for an overview of the system.\n""
[0m21:29:34.845452 [debug] [MainThread]: STDERR: "b''"
[0m21:29:34.845776 [info ] [MainThread]:  - git [[32mOK found[0m]

[0m21:29:34.846196 [info ] [MainThread]: Connection test skipped since no profile was found
[0m21:29:34.846741 [info ] [MainThread]: [31m2 checks failed:[0m
[0m21:29:34.847022 [info ] [MainThread]: dbt looked for a profiles.yml file in C:\Users\dchit\.dbt\profiles.yml, but did
not find one. For more information on configuring your profile, consult the
documentation:

https://docs.getdbt.com/docs/configure-your-profile


[0m21:29:34.847467 [info ] [MainThread]: Project loading failed for the following reason:
 project path <C:\Users\dchit\OneDrive\Documents\Projects\dbt Bootcamp Course\dbt-student-repo\dbt_project.yml> not found

[0m21:29:34.848785 [debug] [MainThread]: Command `dbt debug` failed at 21:29:34.848605 after 0.19 seconds
[0m21:29:34.849326 [debug] [MainThread]: Sending event: {'category': 'dbt', 'action': 'invocation', 'label': 'end', 'context': [<snowplow_tracker.self_describing_json.SelfDescribingJson object at 0x00000260F2A5F230>, <snowplow_tracker.self_describing_json.SelfDescribingJson object at 0x00000260F2BB85F0>, <snowplow_tracker.self_describing_json.SelfDescribingJson object at 0x00000260F29B7130>]}
[0m21:29:34.849664 [debug] [MainThread]: Flushing usage events
[0m21:29:35.251381 [debug] [MainThread]: An error was encountered while trying to flush usage events
[0m21:30:14.249868 [debug] [MainThread]: Sending event: {'category': 'dbt', 'action': 'invocation', 'label': 'start', 'context': [<snowplow_tracker.self_describing_json.SelfDescribingJson object at 0x000002E1BFBDF620>, <snowplow_tracker.self_describing_json.SelfDescribingJson object at 0x000002E1C1033D90>, <snowplow_tracker.self_describing_json.SelfDescribingJson object at 0x000002E1C1033B10>]}


============================== 21:30:14.255287 | 2df52d50-fe62-4817-9c01-4d11e7929d5c ==============================
[0m21:30:14.255287 [info ] [MainThread]: Running with dbt=1.11.2
[0m21:30:14.256031 [debug] [MainThread]: running dbt with arguments {'static_parser': 'True', 'no_print': 'None', 'version_check': 'True', 'warn_error_options': 'WarnErrorOptionsV2(error=[], warn=[], silence=[])', 'target_path': 'None', 'printer_width': '80', 'write_json': 'True', 'empty': 'None', 'log_cache_events': 'False', 'introspect': 'True', 'cache_selected_only': 'False', 'log_format': 'default', 'debug': 'False', 'fail_fast': 'False', 'profiles_dir': 'C:\\Users\\dchit\\.dbt', 'send_anonymous_usage_stats': 'True', 'quiet': 'False', 'warn_error': 'None', 'partial_parse': 'True', 'use_colors': 'True', 'indirect_selection': 'eager', 'invocation_command': 'dbt debug', 'use_experimental_parser': 'False', 'log_path': 'logs'}
[0m21:30:14.269744 [info ] [MainThread]: dbt version: 1.11.2
[0m21:30:14.270368 [info ] [MainThread]: python version: 3.13.11
[0m21:30:14.270995 [info ] [MainThread]: python path: C:\Users\dchit\OneDrive\Documents\Projects\dbt Bootcamp Course\dbt-student-repo\.venv\Scripts\python.exe
[0m21:30:14.271433 [info ] [MainThread]: os info: Windows-11-10.0.26200-SP0
[0m21:30:14.271731 [info ] [MainThread]: Using profiles dir at C:\Users\dchit\.dbt
[0m21:30:14.271999 [info ] [MainThread]: Using profiles.yml file at C:\Users\dchit\.dbt\profiles.yml
[0m21:30:14.272275 [info ] [MainThread]: Using dbt_project.yml file at C:\Users\dchit\OneDrive\Documents\Projects\dbt Bootcamp Course\dbt-student-repo\dbt_project.yml
[0m21:30:14.272545 [info ] [MainThread]: Configuration:
[0m21:30:14.272780 [info ] [MainThread]:   profiles.yml file [[31mERROR not found[0m]
[0m21:30:14.273164 [info ] [MainThread]:   dbt_project.yml file [[31mERROR not found[0m]
[0m21:30:14.273561 [info ] [MainThread]: Required dependencies:
[0m21:30:14.273841 [debug] [MainThread]: Executing "git --help"
[0m21:30:14.307844 [debug] [MainThread]: STDOUT: "b"usage: git [-v | --version] [-h | --help] [-C <path>] [-c <name>=<value>]\n           [--exec-path[=<path>]] [--html-path] [--man-path] [--info-path]\n           [-p | --paginate | -P | --no-pager] [--no-replace-objects] [--no-lazy-fetch]\n           [--no-optional-locks] [--no-advice] [--bare] [--git-dir=<path>]\n           [--work-tree=<path>] [--namespace=<name>] [--config-env=<name>=<envvar>]\n           <command> [<args>]\n\nThese are common Git commands used in various situations:\n\nstart a working area (see also: git help tutorial)\n   clone      Clone a repository into a new directory\n   init       Create an empty Git repository or reinitialize an existing one\n\nwork on the current change (see also: git help everyday)\n   add        Add file contents to the index\n   mv         Move or rename a file, a directory, or a symlink\n   restore    Restore working tree files\n   rm         Remove files from the working tree and from the index\n\nexamine the history and state (see also: git help revisions)\n   bisect     Use binary search to find the commit that introduced a bug\n   diff       Show changes between commits, commit and working tree, etc\n   grep       Print lines matching a pattern\n   log        Show commit logs\n   show       Show various types of objects\n   status     Show the working tree status\n\ngrow, mark and tweak your common history\n   backfill   Download missing objects in a partial clone\n   branch     List, create, or delete branches\n   commit     Record changes to the repository\n   merge      Join two or more development histories together\n   rebase     Reapply commits on top of another base tip\n   reset      Reset current HEAD to the specified state\n   switch     Switch branches\n   tag        Create, list, delete or verify tags\n\ncollaborate (see also: git help workflows)\n   fetch      Download objects and refs from another repository\n   pull       Fetch from and integrate with another repository or a local branch\n   push       Update remote refs along with associated objects\n\n'git help -a' and 'git help -g' list available subcommands and some\nconcept guides. See 'git help <command>' or 'git help <concept>'\nto read about a specific subcommand or concept.\nSee 'git help git' for an overview of the system.\n""
[0m21:30:14.308371 [debug] [MainThread]: STDERR: "b''"
[0m21:30:14.308733 [info ] [MainThread]:  - git [[32mOK found[0m]

[0m21:30:14.309176 [info ] [MainThread]: Connection test skipped since no profile was found
[0m21:30:14.309606 [info ] [MainThread]: [31m2 checks failed:[0m
[0m21:30:14.309947 [info ] [MainThread]: dbt looked for a profiles.yml file in C:\Users\dchit\.dbt\profiles.yml, but did
not find one. For more information on configuring your profile, consult the
documentation:

https://docs.getdbt.com/docs/configure-your-profile


[0m21:30:14.310360 [info ] [MainThread]: Project loading failed for the following reason:
 project path <C:\Users\dchit\OneDrive\Documents\Projects\dbt Bootcamp Course\dbt-student-repo\dbt_project.yml> not found

[0m21:30:14.311173 [debug] [MainThread]: Command `dbt debug` failed at 21:30:14.311093 after 0.18 seconds
[0m21:30:14.311410 [debug] [MainThread]: Sending event: {'category': 'dbt', 'action': 'invocation', 'label': 'end', 'context': [<snowplow_tracker.self_describing_json.SelfDescribingJson object at 0x000002E1C2140180>, <snowplow_tracker.self_describing_json.SelfDescribingJson object at 0x000002E1C10C8290>, <snowplow_tracker.self_describing_json.SelfDescribingJson object at 0x000002E1C0EC7130>]}
[0m21:30:14.311654 [debug] [MainThread]: Flushing usage events
[0m21:30:14.512678 [debug] [MainThread]: An error was encountered while trying to flush usage events
